Start testing: Apr 29 21:24 AWST
----------------------------------------------------------
24/24 Testing: file_receiver_test
24/24 Test: file_receiver_test
Command: "/home/ben/ai-hermes-agent/ESPLR_V2/tests/build_stage3/file_receiver_test"
Directory: /home/ben/ai-hermes-agent/ESPLR_V2/tests/build_stage3
"file_receiver_test" start time: Apr 29 21:24 AWST
Output:
----------------------------------------------------------
[I] Accepted FILE_TRANSFER action=0x00 size=10 chunk=4 window=4 chunks=3
[I] Completed FILE_TRANSFER action=0x00 result=0
[I] Accepted FILE_TRANSFER action=0x00 size=8 chunk=4 window=2 chunks=2
[W] Aborting FILE_TRANSFER due to inactivity timeout
[W] Rejecting OTA ANNOUNCE because OTA-over-ESP-NOW is disabled
file_receiver_test passed
<end of output>
Test time =   0.00 sec
----------------------------------------------------------
Test Passed.
"file_receiver_test" end time: Apr 29 21:24 AWST
"file_receiver_test" time elapsed: 00:00:00
----------------------------------------------------------

End testing: Apr 29 21:24 AWST
